Build started 8/26/2024 1:08:14 AM.
     1>Project "C:\Users\Pravin\Downloads\AssignmentNo-7\AssignmentNo-7\AssignmentNo-7.vcxproj" on node 2 (build target(s)).
     1>InitializeBuildStatus:
         Creating "Debug\AssignmentNo-7.unsuccessfulbuild" because "AlwaysCreate" was specified.
       ClCompile:
         All outputs are up-to-date.
         c:\Program Files (x86)\Microsoft Visual Studio 10.0\VC\bin\CL.exe /c /ZI /nologo /W3 /WX- /Od /Oy- /D WIN32 /D _DEBUG /D _CONSOLE /D _UNICODE /D UNICODE /Gm /EHsc /RTC1 /MDd /GS /fp:precise /Zc:wchar_t /Zc:forScope /Yu"StdAfx.h" /Fp"Debug\AssignmentNo-7.pch" /Fo"Debug\\" /Fd"Debug\vc100.pdb" /Gd /TP /analyze- /errorReport:prompt Interface.cpp StudentManager.cpp
         StudentManager.cpp
     1>c:\users\pravin\downloads\assignmentno-7\assignmentno-7\studentmanager.cpp(336): warning C4305: 'initializing' : truncation from 'int' to 'char'
     1>c:\users\pravin\downloads\assignmentno-7\assignmentno-7\studentmanager.cpp(336): warning C4309: 'initializing' : truncation of constant value
         Interface.cpp
         Generating Code...
       ManifestResourceCompile:
         All outputs are up-to-date.
       Link:
         c:\Program Files (x86)\Microsoft Visual Studio 10.0\VC\bin\link.exe /ERRORREPORT:PROMPT /OUT:"C:\Users\Pravin\Downloads\AssignmentNo-7\Debug\AssignmentNo-7.exe" /INCREMENTAL /NOLOGO kernel32.lib user32.lib gdi32.lib winspool.lib comdlg32.lib advapi32.lib shell32.lib ole32.lib oleaut32.lib uuid.lib odbc32.lib odbccp32.lib /MANIFEST /ManifestFile:"Debug\AssignmentNo-7.exe.intermediate.manifest" /MANIFESTUAC:"level='asInvoker' uiAccess='false'" /DEBUG /PDB:"C:\Users\Pravin\Downloads\AssignmentNo-7\Debug\AssignmentNo-7.pdb" /SUBSYSTEM:CONSOLE /TLBID:1 /DYNAMICBASE /NXCOMPAT /IMPLIB:"C:\Users\Pravin\Downloads\AssignmentNo-7\Debug\AssignmentNo-7.lib" /MACHINE:X86 "Debug\AssignmentNo-7.exe.embed.manifest.res"
         "Debug\AssignmentNo-7.obj"
         Debug\Calculation.obj
         Debug\Interface.obj
         Debug\stdafx.obj
         Debug\Student.obj
         Debug\StudentManager.obj
         Debug\Util.obj
       Manifest:
         c:\Program Files (x86)\Microsoft SDKs\Windows\v7.0A\bin\mt.exe /nologo /verbose /out:"Debug\AssignmentNo-7.exe.embed.manifest" /manifest "Debug\AssignmentNo-7.exe.intermediate.manifest"
         All outputs are up-to-date.
       LinkEmbedManifest:
         All outputs are up-to-date.
         AssignmentNo-7.vcxproj -> C:\Users\Pravin\Downloads\AssignmentNo-7\Debug\AssignmentNo-7.exe
       FinalizeBuildStatus:
         Deleting file "Debug\AssignmentNo-7.unsuccessfulbuild".
         Touching "Debug\AssignmentNo-7.lastbuildstate".
     1>Done Building Project "C:\Users\Pravin\Downloads\AssignmentNo-7\AssignmentNo-7\AssignmentNo-7.vcxproj" (build target(s)).

Build succeeded.

Time Elapsed 00:00:01.84
