E:\PRE-SCIENT TECHNOLOGIES\ASSIGNMENTS\ASSIGNMENTNO-7\ASSIGNMENTNO-7\DEBUG\ASSIGNMENTNO-7.EXE.EMBED.MANIFEST
E:\PRE-SCIENT TECHNOLOGIES\ASSIGNMENTS\ASSIGNMENTNO-7\ASSIGNMENTNO-7\DEBUG\ASSIGNMENTNO-7.EXE.EMBED.MANIFEST.RES
E:\PRE-SCIENT TECHNOLOGIES\ASSIGNMENTS\ASSIGNMENTNO-7\ASSIGNMENTNO-7\DEBUG\ASSIGNMENTNO-7.EXE.INTERMEDIATE.MANIFEST
E:\PRE-SCIENT TECHNOLOGIES\ASSIGNMENTS\ASSIGNMENTNO-7\ASSIGNMENTNO-7\DEBUG\ASSIGNMENTNO-7.OBJ
E:\PRE-SCIENT TECHNOLOGIES\ASSIGNMENTS\ASSIGNMENTNO-7\ASSIGNMENTNO-7\DEBUG\ASSIGNMENTNO-7.PCH
E:\Pre-scient Technologies\Assignments\AssignmentNo-7\AssignmentNo-7\Debug\AssignmentNo-7.vcxprojResolveAssemblyReference.cache
E:\Pre-scient Technologies\Assignments\AssignmentNo-7\AssignmentNo-7\Debug\AssignmentNo-7.write.1.tlog
E:\Pre-scient Technologies\Assignments\AssignmentNo-7\AssignmentNo-7\Debug\AssignmentNo-7_manifest.rc
E:\PRE-SCIENT TECHNOLOGIES\ASSIGNMENTS\ASSIGNMENTNO-7\ASSIGNMENTNO-7\DEBUG\CALCULATION.OBJ
E:\Pre-scient Technologies\Assignments\AssignmentNo-7\AssignmentNo-7\Debug\cl.command.1.tlog
E:\Pre-scient Technologies\Assignments\AssignmentNo-7\AssignmentNo-7\Debug\CL.read.1.tlog
E:\Pre-scient Technologies\Assignments\AssignmentNo-7\AssignmentNo-7\Debug\CL.write.1.tlog
E:\PRE-SCIENT TECHNOLOGIES\ASSIGNMENTS\ASSIGNMENTNO-7\ASSIGNMENTNO-7\DEBUG\INTERFACE.OBJ
E:\Pre-scient Technologies\Assignments\AssignmentNo-7\AssignmentNo-7\Debug\link.10000.read.1.tlog
E:\Pre-scient Technologies\Assignments\AssignmentNo-7\AssignmentNo-7\Debug\link.10000.write.1.tlog
E:\Pre-scient Technologies\Assignments\AssignmentNo-7\AssignmentNo-7\Debug\link.10000-cvtres.read.1.tlog
E:\Pre-scient Technologies\Assignments\AssignmentNo-7\AssignmentNo-7\Debug\link.10000-cvtres.write.1.tlog
E:\Pre-scient Technologies\Assignments\AssignmentNo-7\AssignmentNo-7\Debug\link.11224.read.1.tlog
E:\Pre-scient Technologies\Assignments\AssignmentNo-7\AssignmentNo-7\Debug\link.11224.write.1.tlog
E:\Pre-scient Technologies\Assignments\AssignmentNo-7\AssignmentNo-7\Debug\link.11224-cvtres.read.1.tlog
E:\Pre-scient Technologies\Assignments\AssignmentNo-7\AssignmentNo-7\Debug\link.11224-cvtres.write.1.tlog
E:\Pre-scient Technologies\Assignments\AssignmentNo-7\AssignmentNo-7\Debug\link.14300.read.1.tlog
E:\Pre-scient Technologies\Assignments\AssignmentNo-7\AssignmentNo-7\Debug\link.14300.write.1.tlog
E:\Pre-scient Technologies\Assignments\AssignmentNo-7\AssignmentNo-7\Debug\link.14300-cvtres.read.1.tlog
E:\Pre-scient Technologies\Assignments\AssignmentNo-7\AssignmentNo-7\Debug\link.14300-cvtres.write.1.tlog
E:\Pre-scient Technologies\Assignments\AssignmentNo-7\AssignmentNo-7\Debug\link.17208.read.1.tlog
E:\Pre-scient Technologies\Assignments\AssignmentNo-7\AssignmentNo-7\Debug\link.17208.write.1.tlog
E:\Pre-scient Technologies\Assignments\AssignmentNo-7\AssignmentNo-7\Debug\link.17208-cvtres.read.1.tlog
E:\Pre-scient Technologies\Assignments\AssignmentNo-7\AssignmentNo-7\Debug\link.17208-cvtres.write.1.tlog
E:\Pre-scient Technologies\Assignments\AssignmentNo-7\AssignmentNo-7\Debug\link.17696.read.1.tlog
E:\Pre-scient Technologies\Assignments\AssignmentNo-7\AssignmentNo-7\Debug\link.17696.write.1.tlog
E:\Pre-scient Technologies\Assignments\AssignmentNo-7\AssignmentNo-7\Debug\link.17696-cvtres.read.1.tlog
E:\Pre-scient Technologies\Assignments\AssignmentNo-7\AssignmentNo-7\Debug\link.17696-cvtres.write.1.tlog
E:\Pre-scient Technologies\Assignments\AssignmentNo-7\AssignmentNo-7\Debug\link.18988.read.1.tlog
E:\Pre-scient Technologies\Assignments\AssignmentNo-7\AssignmentNo-7\Debug\link.18988.write.1.tlog
E:\Pre-scient Technologies\Assignments\AssignmentNo-7\AssignmentNo-7\Debug\link.18988-cvtres.read.1.tlog
E:\Pre-scient Technologies\Assignments\AssignmentNo-7\AssignmentNo-7\Debug\link.18988-cvtres.write.1.tlog
E:\Pre-scient Technologies\Assignments\AssignmentNo-7\AssignmentNo-7\Debug\link.19936.read.1.tlog
E:\Pre-scient Technologies\Assignments\AssignmentNo-7\AssignmentNo-7\Debug\link.19936.write.1.tlog
E:\Pre-scient Technologies\Assignments\AssignmentNo-7\AssignmentNo-7\Debug\link.19936-cvtres.read.1.tlog
E:\Pre-scient Technologies\Assignments\AssignmentNo-7\AssignmentNo-7\Debug\link.19936-cvtres.write.1.tlog
E:\Pre-scient Technologies\Assignments\AssignmentNo-7\AssignmentNo-7\Debug\link.4012.read.1.tlog
E:\Pre-scient Technologies\Assignments\AssignmentNo-7\AssignmentNo-7\Debug\link.4012.write.1.tlog
E:\Pre-scient Technologies\Assignments\AssignmentNo-7\AssignmentNo-7\Debug\link.4012-cvtres.read.1.tlog
E:\Pre-scient Technologies\Assignments\AssignmentNo-7\AssignmentNo-7\Debug\link.4012-cvtres.write.1.tlog
E:\Pre-scient Technologies\Assignments\AssignmentNo-7\AssignmentNo-7\Debug\link.4176.read.1.tlog
E:\Pre-scient Technologies\Assignments\AssignmentNo-7\AssignmentNo-7\Debug\link.4176.write.1.tlog
E:\Pre-scient Technologies\Assignments\AssignmentNo-7\AssignmentNo-7\Debug\link.4176-cvtres.read.1.tlog
E:\Pre-scient Technologies\Assignments\AssignmentNo-7\AssignmentNo-7\Debug\link.4176-cvtres.write.1.tlog
E:\Pre-scient Technologies\Assignments\AssignmentNo-7\AssignmentNo-7\Debug\link.4964.read.1.tlog
E:\Pre-scient Technologies\Assignments\AssignmentNo-7\AssignmentNo-7\Debug\link.4964.write.1.tlog
E:\Pre-scient Technologies\Assignments\AssignmentNo-7\AssignmentNo-7\Debug\link.4964-cvtres.read.1.tlog
E:\Pre-scient Technologies\Assignments\AssignmentNo-7\AssignmentNo-7\Debug\link.4964-cvtres.write.1.tlog
E:\Pre-scient Technologies\Assignments\AssignmentNo-7\AssignmentNo-7\Debug\link.7392.read.1.tlog
E:\Pre-scient Technologies\Assignments\AssignmentNo-7\AssignmentNo-7\Debug\link.7392.write.1.tlog
E:\Pre-scient Technologies\Assignments\AssignmentNo-7\AssignmentNo-7\Debug\link.7392-cvtres.read.1.tlog
E:\Pre-scient Technologies\Assignments\AssignmentNo-7\AssignmentNo-7\Debug\link.7392-cvtres.write.1.tlog
E:\Pre-scient Technologies\Assignments\AssignmentNo-7\AssignmentNo-7\Debug\link.8004.read.1.tlog
E:\Pre-scient Technologies\Assignments\AssignmentNo-7\AssignmentNo-7\Debug\link.8004.write.1.tlog
E:\Pre-scient Technologies\Assignments\AssignmentNo-7\AssignmentNo-7\Debug\link.8004-cvtres.read.1.tlog
E:\Pre-scient Technologies\Assignments\AssignmentNo-7\AssignmentNo-7\Debug\link.8004-cvtres.write.1.tlog
E:\Pre-scient Technologies\Assignments\AssignmentNo-7\AssignmentNo-7\Debug\link.8536.read.1.tlog
E:\Pre-scient Technologies\Assignments\AssignmentNo-7\AssignmentNo-7\Debug\link.8536.write.1.tlog
E:\Pre-scient Technologies\Assignments\AssignmentNo-7\AssignmentNo-7\Debug\link.8536-cvtres.read.1.tlog
E:\Pre-scient Technologies\Assignments\AssignmentNo-7\AssignmentNo-7\Debug\link.8536-cvtres.write.1.tlog
E:\Pre-scient Technologies\Assignments\AssignmentNo-7\AssignmentNo-7\Debug\link.9324.read.1.tlog
E:\Pre-scient Technologies\Assignments\AssignmentNo-7\AssignmentNo-7\Debug\link.9324.write.1.tlog
E:\Pre-scient Technologies\Assignments\AssignmentNo-7\AssignmentNo-7\Debug\link.9324-cvtres.read.1.tlog
E:\Pre-scient Technologies\Assignments\AssignmentNo-7\AssignmentNo-7\Debug\link.9324-cvtres.write.1.tlog
E:\Pre-scient Technologies\Assignments\AssignmentNo-7\AssignmentNo-7\Debug\link.9732.read.1.tlog
E:\Pre-scient Technologies\Assignments\AssignmentNo-7\AssignmentNo-7\Debug\link.9732.write.1.tlog
E:\Pre-scient Technologies\Assignments\AssignmentNo-7\AssignmentNo-7\Debug\link.9732-cvtres.read.1.tlog
E:\Pre-scient Technologies\Assignments\AssignmentNo-7\AssignmentNo-7\Debug\link.9732-cvtres.write.1.tlog
E:\Pre-scient Technologies\Assignments\AssignmentNo-7\AssignmentNo-7\Debug\link.command.1.tlog
E:\Pre-scient Technologies\Assignments\AssignmentNo-7\AssignmentNo-7\Debug\link.read.1.tlog
E:\Pre-scient Technologies\Assignments\AssignmentNo-7\AssignmentNo-7\Debug\link.write.1.tlog
E:\Pre-scient Technologies\Assignments\AssignmentNo-7\AssignmentNo-7\Debug\link-cvtres.read.1.tlog
E:\Pre-scient Technologies\Assignments\AssignmentNo-7\AssignmentNo-7\Debug\link-cvtres.write.1.tlog
E:\Pre-scient Technologies\Assignments\AssignmentNo-7\AssignmentNo-7\Debug\mt.command.1.tlog
E:\Pre-scient Technologies\Assignments\AssignmentNo-7\AssignmentNo-7\Debug\mt.read.1.tlog
E:\Pre-scient Technologies\Assignments\AssignmentNo-7\AssignmentNo-7\Debug\mt.write.1.tlog
E:\Pre-scient Technologies\Assignments\AssignmentNo-7\AssignmentNo-7\Debug\rc.command.1.tlog
E:\Pre-scient Technologies\Assignments\AssignmentNo-7\AssignmentNo-7\Debug\rc.read.1.tlog
E:\Pre-scient Technologies\Assignments\AssignmentNo-7\AssignmentNo-7\Debug\rc.write.1.tlog
E:\PRE-SCIENT TECHNOLOGIES\ASSIGNMENTS\ASSIGNMENTNO-7\ASSIGNMENTNO-7\DEBUG\STDAFX.OBJ
E:\PRE-SCIENT TECHNOLOGIES\ASSIGNMENTS\ASSIGNMENTNO-7\ASSIGNMENTNO-7\DEBUG\STUDENT.OBJ
E:\PRE-SCIENT TECHNOLOGIES\ASSIGNMENTS\ASSIGNMENTNO-7\ASSIGNMENTNO-7\DEBUG\STUDENTMANAGER.OBJ
E:\PRE-SCIENT TECHNOLOGIES\ASSIGNMENTS\ASSIGNMENTNO-7\ASSIGNMENTNO-7\DEBUG\UTIL.OBJ
E:\Pre-scient Technologies\Assignments\AssignmentNo-7\AssignmentNo-7\Debug\vc100.idb
E:\PRE-SCIENT TECHNOLOGIES\ASSIGNMENTS\ASSIGNMENTNO-7\ASSIGNMENTNO-7\DEBUG\VC100.PDB
E:\PRE-SCIENT TECHNOLOGIES\ASSIGNMENTS\ASSIGNMENTNO-7\DEBUG\ASSIGNMENTNO-7.EXE
E:\PRE-SCIENT TECHNOLOGIES\ASSIGNMENTS\ASSIGNMENTNO-7\DEBUG\ASSIGNMENTNO-7.ILK
E:\PRE-SCIENT TECHNOLOGIES\ASSIGNMENTS\ASSIGNMENTNO-7\DEBUG\ASSIGNMENTNO-7.PDB
