Build started 8/5/2024 1:15:54 AM.
     1>Project "C:\Users\Pravin\Downloads\Assign-4\Assign-4\Assign-4.vcxproj" on node 2 (build target(s)).
     1>InitializeBuildStatus:
         Touching "Debug\Assign-4.unsuccessfulbuild".
       ClCompile:
         All outputs are up-to-date.
         c:\Program Files (x86)\Microsoft Visual Studio 10.0\VC\bin\CL.exe /c /ZI /nologo /W3 /WX- /Od /Oy- /D WIN32 /D _DEBUG /D _CONSOLE /D _UNICODE /D UNICODE /Gm /EHsc /RTC1 /MDd /GS /fp:precise /Zc:wchar_t /Zc:forScope /Yu"StdAfx.h" /Fp"Debug\Assign-4.pch" /Fo"Debug\\" /Fd"Debug\vc100.pdb" /Gd /TP /analyze- /errorReport:prompt "Assign-4.cpp"
         Assign-4.cpp
       ManifestResourceCompile:
         All outputs are up-to-date.
       Link:
         c:\Program Files (x86)\Microsoft Visual Studio 10.0\VC\bin\link.exe /ERRORREPORT:PROMPT /OUT:"C:\Users\Pravin\Downloads\Assign-4\Assign-4\Debug\Assign-4.exe" /INCREMENTAL /NOLOGO kernel32.lib user32.lib gdi32.lib winspool.lib comdlg32.lib advapi32.lib shell32.lib ole32.lib oleaut32.lib uuid.lib odbc32.lib odbccp32.lib /MANIFEST /ManifestFile:"Debug\Assign-4.exe.intermediate.manifest" /MANIFESTUAC:"level='asInvoker' uiAccess='false'" /DEBUG /PDB:"C:\Users\Pravin\Downloads\Assign-4\Assign-4\Debug\Assign-4.pdb" /SUBSYSTEM:CONSOLE /TLBID:1 /DYNAMICBASE /NXCOMPAT /IMPLIB:"C:\Users\Pravin\Downloads\Assign-4\Assign-4\Debug\Assign-4.lib" /MACHINE:X86 "Debug\Assign-4.exe.embed.manifest.res"
         "Debug\Assign-4.obj"
         Debug\Point2D.obj
         Debug\Point3D.obj
         Debug\stdafx.obj
         Debug\Triangle.obj
         Debug\Triangle3D.obj
         Debug\Util.obj
       Manifest:
         c:\Program Files (x86)\Microsoft SDKs\Windows\v7.0A\bin\mt.exe /nologo /verbose /out:"Debug\Assign-4.exe.embed.manifest" /manifest "Debug\Assign-4.exe.intermediate.manifest"
         All outputs are up-to-date.
       LinkEmbedManifest:
         All outputs are up-to-date.
         Assign-4.vcxproj -> C:\Users\Pravin\Downloads\Assign-4\Assign-4\Debug\Assign-4.exe
       FinalizeBuildStatus:
         Deleting file "Debug\Assign-4.unsuccessfulbuild".
         Touching "Debug\Assign-4.lastbuildstate".
     1>Done Building Project "C:\Users\Pravin\Downloads\Assign-4\Assign-4\Assign-4.vcxproj" (build target(s)).

Build succeeded.

Time Elapsed 00:00:01.00
