E:\PRE-SCIENT TECHNOLOGIES\LEARNING PROJECTS\ASSIGN-4\ASSIGN-4\DEBUG\ASSIGN-4.EXE.EMBED.MANIFEST
E:\PRE-SCIENT TECHNOLOGIES\LEARNING PROJECTS\ASSIGN-4\ASSIGN-4\DEBUG\ASSIGN-4.EXE.EMBED.MANIFEST.RES
E:\PRE-SCIENT TECHNOLOGIES\LEARNING PROJECTS\ASSIGN-4\ASSIGN-4\DEBUG\ASSIGN-4.EXE.INTERMEDIATE.MANIFEST
E:\PRE-SCIENT TECHNOLOGIES\LEARNING PROJECTS\ASSIGN-4\ASSIGN-4\DEBUG\ASSIGN-4.OBJ
E:\PRE-SCIENT TECHNOLOGIES\LEARNING PROJECTS\ASSIGN-4\ASSIGN-4\DEBUG\ASSIGN-4.PCH
E:\Pre-scient Technologies\Learning Projects\Assign-4\Assign-4\Debug\Assign-4.vcxprojResolveAssemblyReference.cache
E:\Pre-scient Technologies\Learning Projects\Assign-4\Assign-4\Debug\Assign-4.write.1.tlog
E:\Pre-scient Technologies\Learning Projects\Assign-4\Assign-4\Debug\Assign-4_manifest.rc
E:\Pre-scient Technologies\Learning Projects\Assign-4\Assign-4\Debug\cl.command.1.tlog
E:\Pre-scient Technologies\Learning Projects\Assign-4\Assign-4\Debug\CL.read.1.tlog
E:\Pre-scient Technologies\Learning Projects\Assign-4\Assign-4\Debug\CL.write.1.tlog
E:\Pre-scient Technologies\Learning Projects\Assign-4\Assign-4\Debug\link.16088.read.1.tlog
E:\Pre-scient Technologies\Learning Projects\Assign-4\Assign-4\Debug\link.16088.write.1.tlog
E:\Pre-scient Technologies\Learning Projects\Assign-4\Assign-4\Debug\link.16088-cvtres.read.1.tlog
E:\Pre-scient Technologies\Learning Projects\Assign-4\Assign-4\Debug\link.16088-cvtres.write.1.tlog
E:\Pre-scient Technologies\Learning Projects\Assign-4\Assign-4\Debug\link.4988.read.1.tlog
E:\Pre-scient Technologies\Learning Projects\Assign-4\Assign-4\Debug\link.4988.write.1.tlog
E:\Pre-scient Technologies\Learning Projects\Assign-4\Assign-4\Debug\link.4988-cvtres.read.1.tlog
E:\Pre-scient Technologies\Learning Projects\Assign-4\Assign-4\Debug\link.4988-cvtres.write.1.tlog
E:\Pre-scient Technologies\Learning Projects\Assign-4\Assign-4\Debug\link.6252.read.1.tlog
E:\Pre-scient Technologies\Learning Projects\Assign-4\Assign-4\Debug\link.6252.write.1.tlog
E:\Pre-scient Technologies\Learning Projects\Assign-4\Assign-4\Debug\link.6252-cvtres.read.1.tlog
E:\Pre-scient Technologies\Learning Projects\Assign-4\Assign-4\Debug\link.6252-cvtres.write.1.tlog
E:\Pre-scient Technologies\Learning Projects\Assign-4\Assign-4\Debug\link.7236.read.1.tlog
E:\Pre-scient Technologies\Learning Projects\Assign-4\Assign-4\Debug\link.7236.write.1.tlog
E:\Pre-scient Technologies\Learning Projects\Assign-4\Assign-4\Debug\link.7236-cvtres.read.1.tlog
E:\Pre-scient Technologies\Learning Projects\Assign-4\Assign-4\Debug\link.7236-cvtres.write.1.tlog
E:\Pre-scient Technologies\Learning Projects\Assign-4\Assign-4\Debug\link.command.1.tlog
E:\Pre-scient Technologies\Learning Projects\Assign-4\Assign-4\Debug\link.read.1.tlog
E:\Pre-scient Technologies\Learning Projects\Assign-4\Assign-4\Debug\link.write.1.tlog
E:\Pre-scient Technologies\Learning Projects\Assign-4\Assign-4\Debug\link-cvtres.read.1.tlog
E:\Pre-scient Technologies\Learning Projects\Assign-4\Assign-4\Debug\link-cvtres.write.1.tlog
E:\Pre-scient Technologies\Learning Projects\Assign-4\Assign-4\Debug\mt.command.1.tlog
E:\Pre-scient Technologies\Learning Projects\Assign-4\Assign-4\Debug\mt.read.1.tlog
E:\Pre-scient Technologies\Learning Projects\Assign-4\Assign-4\Debug\mt.write.1.tlog
E:\PRE-SCIENT TECHNOLOGIES\LEARNING PROJECTS\ASSIGN-4\ASSIGN-4\DEBUG\POINT2D.OBJ
E:\PRE-SCIENT TECHNOLOGIES\LEARNING PROJECTS\ASSIGN-4\ASSIGN-4\DEBUG\POINT3D.OBJ
E:\Pre-scient Technologies\Learning Projects\Assign-4\Assign-4\Debug\rc.command.1.tlog
E:\Pre-scient Technologies\Learning Projects\Assign-4\Assign-4\Debug\rc.read.1.tlog
E:\Pre-scient Technologies\Learning Projects\Assign-4\Assign-4\Debug\rc.write.1.tlog
E:\PRE-SCIENT TECHNOLOGIES\LEARNING PROJECTS\ASSIGN-4\ASSIGN-4\DEBUG\STDAFX.OBJ
E:\PRE-SCIENT TECHNOLOGIES\LEARNING PROJECTS\ASSIGN-4\ASSIGN-4\DEBUG\UTIL.OBJ
E:\Pre-scient Technologies\Learning Projects\Assign-4\Assign-4\Debug\vc100.idb
E:\PRE-SCIENT TECHNOLOGIES\LEARNING PROJECTS\ASSIGN-4\ASSIGN-4\DEBUG\VC100.PDB
E:\PRE-SCIENT TECHNOLOGIES\LEARNING PROJECTS\ASSIGN-4\DEBUG\ASSIGN-4.EXE
E:\PRE-SCIENT TECHNOLOGIES\LEARNING PROJECTS\ASSIGN-4\DEBUG\ASSIGN-4.ILK
E:\PRE-SCIENT TECHNOLOGIES\LEARNING PROJECTS\ASSIGN-4\DEBUG\ASSIGN-4.PDB
