Build started 06-08-2024 7:16:47 PM.
     1>Project "E:\Pre-scient Technologies\Learning Projects\AssignmentNo-6\AssignmentNo-6\AssignmentNo-6.vcxproj" on node 2 (build target(s)).
     1>InitializeBuildStatus:
         Creating "Debug\AssignmentNo-6.unsuccessfulbuild" because "AlwaysCreate" was specified.
       ClCompile:
         All outputs are up-to-date.
         C:\Program Files (x86)\Microsoft Visual Studio 10.0\VC\bin\CL.exe /c /ZI /nologo /W3 /WX- /Od /Oy- /D WIN32 /D _DEBUG /D _CONSOLE /D _UNICODE /D UNICODE /Gm /EHsc /RTC1 /MDd /GS /fp:precise /Zc:wchar_t /Zc:forScope /Yu"StdAfx.h" /Fp"Debug\AssignmentNo-6.pch" /Fo"Debug\\" /Fd"Debug\vc100.pdb" /Gd /TP /analyze- /errorReport:prompt "AssignmentNo-6.cpp" String.cpp
         String.cpp
         AssignmentNo-6.cpp
         Generating Code...
       ManifestResourceCompile:
         All outputs are up-to-date.
       Link:
         C:\Program Files (x86)\Microsoft Visual Studio 10.0\VC\bin\link.exe /ERRORREPORT:PROMPT /OUT:"E:\Pre-scient Technologies\Learning Projects\AssignmentNo-6\Debug\AssignmentNo-6.exe" /INCREMENTAL /NOLOGO kernel32.lib user32.lib gdi32.lib winspool.lib comdlg32.lib advapi32.lib shell32.lib ole32.lib oleaut32.lib uuid.lib odbc32.lib odbccp32.lib /MANIFEST /ManifestFile:"Debug\AssignmentNo-6.exe.intermediate.manifest" /MANIFESTUAC:"level='asInvoker' uiAccess='false'" /DEBUG /PDB:"E:\Pre-scient Technologies\Learning Projects\AssignmentNo-6\Debug\AssignmentNo-6.pdb" /SUBSYSTEM:CONSOLE /TLBID:1 /DYNAMICBASE /NXCOMPAT /IMPLIB:"E:\Pre-scient Technologies\Learning Projects\AssignmentNo-6\Debug\AssignmentNo-6.lib" /MACHINE:X86 "Debug\AssignmentNo-6.exe.embed.manifest.res"
         "Debug\AssignmentNo-6.obj"
         Debug\stdafx.obj
         Debug\String.obj
         Debug\Util.obj
       Manifest:
         C:\Program Files (x86)\Microsoft SDKs\Windows\v7.0A\bin\mt.exe /nologo /verbose /out:"Debug\AssignmentNo-6.exe.embed.manifest" /manifest "Debug\AssignmentNo-6.exe.intermediate.manifest"
         All outputs are up-to-date.
       LinkEmbedManifest:
         All outputs are up-to-date.
         AssignmentNo-6.vcxproj -> E:\Pre-scient Technologies\Learning Projects\AssignmentNo-6\Debug\AssignmentNo-6.exe
       FinalizeBuildStatus:
         Deleting file "Debug\AssignmentNo-6.unsuccessfulbuild".
         Touching "Debug\AssignmentNo-6.lastbuildstate".
     1>Done Building Project "E:\Pre-scient Technologies\Learning Projects\AssignmentNo-6\AssignmentNo-6\AssignmentNo-6.vcxproj" (build target(s)).

Build succeeded.

Time Elapsed 00:00:00.92
