Build started 7/28/2024 7:32:44 PM.
     1>Project "G:\Prescient Technologies\Assignments\Assignment-4\Assignment-4\Assignment-4.vcxproj" on node 2 (build target(s)).
     1>InitializeBuildStatus:
         Creating "Debug\Assignment-4.unsuccessfulbuild" because "AlwaysCreate" was specified.
       ClCompile:
         All outputs are up-to-date.
         c:\Program Files (x86)\Microsoft Visual Studio 10.0\VC\bin\CL.exe /c /ZI /nologo /W3 /WX- /Od /Oy- /D WIN32 /D _DEBUG /D _CONSOLE /D _UNICODE /D UNICODE /Gm /EHsc /RTC1 /MDd /GS /fp:precise /Zc:wchar_t /Zc:forScope /Yu"StdAfx.h" /Fp"Debug\Assignment-4.pch" /Fo"Debug\\" /Fd"Debug\vc100.pdb" /Gd /TP /analyze- /errorReport:prompt "Assignment-4.cpp"
         Assignment-4.cpp
       ManifestResourceCompile:
         All outputs are up-to-date.
       Link:
         c:\Program Files (x86)\Microsoft Visual Studio 10.0\VC\bin\link.exe /ERRORREPORT:PROMPT /OUT:"G:\Prescient Technologies\Assignments\Assignment-4\Debug\Assignment-4.exe" /INCREMENTAL /NOLOGO kernel32.lib user32.lib gdi32.lib winspool.lib comdlg32.lib advapi32.lib shell32.lib ole32.lib oleaut32.lib uuid.lib odbc32.lib odbccp32.lib /MANIFEST /ManifestFile:"Debug\Assignment-4.exe.intermediate.manifest" /MANIFESTUAC:"level='asInvoker' uiAccess='false'" /DEBUG /PDB:"G:\Prescient Technologies\Assignments\Assignment-4\Debug\Assignment-4.pdb" /SUBSYSTEM:CONSOLE /TLBID:1 /DYNAMICBASE /NXCOMPAT /IMPLIB:"G:\Prescient Technologies\Assignments\Assignment-4\Debug\Assignment-4.lib" /MACHINE:X86 "Debug\Assignment-4.exe.embed.manifest.res"
         "Debug\Assignment-4.obj"
         Debug\stdafx.obj
       Manifest:
         c:\Program Files (x86)\Microsoft SDKs\Windows\v7.0A\bin\mt.exe /nologo /verbose /out:"Debug\Assignment-4.exe.embed.manifest" /manifest "Debug\Assignment-4.exe.intermediate.manifest"
         All outputs are up-to-date.
       LinkEmbedManifest:
         All outputs are up-to-date.
         Assignment-4.vcxproj -> G:\Prescient Technologies\Assignments\Assignment-4\Debug\Assignment-4.exe
       FinalizeBuildStatus:
         Deleting file "Debug\Assignment-4.unsuccessfulbuild".
         Touching "Debug\Assignment-4.lastbuildstate".
     1>Done Building Project "G:\Prescient Technologies\Assignments\Assignment-4\Assignment-4\Assignment-4.vcxproj" (build target(s)).

Build succeeded.

Time Elapsed 00:00:01.30
