C:\Users\Pravin\Downloads\Assignment-9 2\Assignment-9\Assignment-9\Debug\Assignment-9.exe.embed.manifest
C:\USERS\PRAVIN\DOWNLOADS\ASSIGNMENT-9 2\ASSIGNMENT-9\ASSIGNMENT-9\DEBUG\ASSIGNMENT-9.EXE.EMBED.MANIFEST.RES
C:\USERS\PRAVIN\DOWNLOADS\ASSIGNMENT-9 2\ASSIGNMENT-9\ASSIGNMENT-9\DEBUG\ASSIGNMENT-9.EXE.INTERMEDIATE.MANIFEST
C:\Users\Pravin\Downloads\Assignment-9 2\Assignment-9\Assignment-9\Debug\Assignment-9.obj
C:\USERS\PRAVIN\DOWNLOADS\ASSIGNMENT-9 2\ASSIGNMENT-9\ASSIGNMENT-9\DEBUG\ASSIGNMENT-9.PCH
C:\Users\Pravin\Downloads\Assignment-9 2\Assignment-9\Assignment-9\Debug\Assignment-9.vcxprojResolveAssemblyReference.cache
C:\Users\Pravin\Downloads\Assignment-9 2\Assignment-9\Assignment-9\Debug\Assignment-9.write.1.tlog
C:\Users\Pravin\Downloads\Assignment-9 2\Assignment-9\Assignment-9\Debug\Assignment-9_manifest.rc
C:\USERS\PRAVIN\DOWNLOADS\ASSIGNMENT-9 2\ASSIGNMENT-9\ASSIGNMENT-9\DEBUG\BULKPRODUCT.OBJ
C:\Users\Pravin\Downloads\Assignment-9 2\Assignment-9\Assignment-9\Debug\cl.command.1.tlog
C:\Users\Pravin\Downloads\Assignment-9 2\Assignment-9\Assignment-9\Debug\CL.read.1.tlog
C:\Users\Pravin\Downloads\Assignment-9 2\Assignment-9\Assignment-9\Debug\CL.write.1.tlog
C:\USERS\PRAVIN\DOWNLOADS\ASSIGNMENT-9 2\ASSIGNMENT-9\ASSIGNMENT-9\DEBUG\FILEHANDLING.OBJ
C:\USERS\PRAVIN\DOWNLOADS\ASSIGNMENT-9 2\ASSIGNMENT-9\ASSIGNMENT-9\DEBUG\IDGENERATOR.OBJ
C:\USERS\PRAVIN\DOWNLOADS\ASSIGNMENT-9 2\ASSIGNMENT-9\ASSIGNMENT-9\DEBUG\INTERFACE.OBJ
C:\Users\Pravin\Downloads\Assignment-9 2\Assignment-9\Assignment-9\Debug\link.13144.read.1.tlog
C:\Users\Pravin\Downloads\Assignment-9 2\Assignment-9\Assignment-9\Debug\link.13144.write.1.tlog
C:\Users\Pravin\Downloads\Assignment-9 2\Assignment-9\Assignment-9\Debug\link.13144-cvtres.read.1.tlog
C:\Users\Pravin\Downloads\Assignment-9 2\Assignment-9\Assignment-9\Debug\link.13144-cvtres.write.1.tlog
C:\Users\Pravin\Downloads\Assignment-9 2\Assignment-9\Assignment-9\Debug\link.13208.read.1.tlog
C:\Users\Pravin\Downloads\Assignment-9 2\Assignment-9\Assignment-9\Debug\link.13208.write.1.tlog
C:\Users\Pravin\Downloads\Assignment-9 2\Assignment-9\Assignment-9\Debug\link.13208-cvtres.read.1.tlog
C:\Users\Pravin\Downloads\Assignment-9 2\Assignment-9\Assignment-9\Debug\link.13208-cvtres.write.1.tlog
C:\Users\Pravin\Downloads\Assignment-9 2\Assignment-9\Assignment-9\Debug\link.15056.read.1.tlog
C:\Users\Pravin\Downloads\Assignment-9 2\Assignment-9\Assignment-9\Debug\link.15056.write.1.tlog
C:\Users\Pravin\Downloads\Assignment-9 2\Assignment-9\Assignment-9\Debug\link.15056-cvtres.read.1.tlog
C:\Users\Pravin\Downloads\Assignment-9 2\Assignment-9\Assignment-9\Debug\link.15056-cvtres.write.1.tlog
C:\Users\Pravin\Downloads\Assignment-9 2\Assignment-9\Assignment-9\Debug\link.21468.read.1.tlog
C:\Users\Pravin\Downloads\Assignment-9 2\Assignment-9\Assignment-9\Debug\link.21468.write.1.tlog
C:\Users\Pravin\Downloads\Assignment-9 2\Assignment-9\Assignment-9\Debug\link.21468-cvtres.read.1.tlog
C:\Users\Pravin\Downloads\Assignment-9 2\Assignment-9\Assignment-9\Debug\link.21468-cvtres.write.1.tlog
C:\Users\Pravin\Downloads\Assignment-9 2\Assignment-9\Assignment-9\Debug\link.23452.read.1.tlog
C:\Users\Pravin\Downloads\Assignment-9 2\Assignment-9\Assignment-9\Debug\link.23452.write.1.tlog
C:\Users\Pravin\Downloads\Assignment-9 2\Assignment-9\Assignment-9\Debug\link.23452-cvtres.read.1.tlog
C:\Users\Pravin\Downloads\Assignment-9 2\Assignment-9\Assignment-9\Debug\link.23452-cvtres.write.1.tlog
C:\Users\Pravin\Downloads\Assignment-9 2\Assignment-9\Assignment-9\Debug\link.24160.read.1.tlog
C:\Users\Pravin\Downloads\Assignment-9 2\Assignment-9\Assignment-9\Debug\link.24160.write.1.tlog
C:\Users\Pravin\Downloads\Assignment-9 2\Assignment-9\Assignment-9\Debug\link.24160-cvtres.read.1.tlog
C:\Users\Pravin\Downloads\Assignment-9 2\Assignment-9\Assignment-9\Debug\link.24160-cvtres.write.1.tlog
C:\Users\Pravin\Downloads\Assignment-9 2\Assignment-9\Assignment-9\Debug\link.24408.read.1.tlog
C:\Users\Pravin\Downloads\Assignment-9 2\Assignment-9\Assignment-9\Debug\link.24408.write.1.tlog
C:\Users\Pravin\Downloads\Assignment-9 2\Assignment-9\Assignment-9\Debug\link.24408-cvtres.read.1.tlog
C:\Users\Pravin\Downloads\Assignment-9 2\Assignment-9\Assignment-9\Debug\link.24408-cvtres.write.1.tlog
C:\Users\Pravin\Downloads\Assignment-9 2\Assignment-9\Assignment-9\Debug\link.24884.read.1.tlog
C:\Users\Pravin\Downloads\Assignment-9 2\Assignment-9\Assignment-9\Debug\link.24884.write.1.tlog
C:\Users\Pravin\Downloads\Assignment-9 2\Assignment-9\Assignment-9\Debug\link.24884-cvtres.read.1.tlog
C:\Users\Pravin\Downloads\Assignment-9 2\Assignment-9\Assignment-9\Debug\link.24884-cvtres.write.1.tlog
C:\Users\Pravin\Downloads\Assignment-9 2\Assignment-9\Assignment-9\Debug\link.28272.read.1.tlog
C:\Users\Pravin\Downloads\Assignment-9 2\Assignment-9\Assignment-9\Debug\link.28272.write.1.tlog
C:\Users\Pravin\Downloads\Assignment-9 2\Assignment-9\Assignment-9\Debug\link.28272-cvtres.read.1.tlog
C:\Users\Pravin\Downloads\Assignment-9 2\Assignment-9\Assignment-9\Debug\link.28272-cvtres.write.1.tlog
C:\Users\Pravin\Downloads\Assignment-9 2\Assignment-9\Assignment-9\Debug\link.28456.read.1.tlog
C:\Users\Pravin\Downloads\Assignment-9 2\Assignment-9\Assignment-9\Debug\link.28456.write.1.tlog
C:\Users\Pravin\Downloads\Assignment-9 2\Assignment-9\Assignment-9\Debug\link.28456-cvtres.read.1.tlog
C:\Users\Pravin\Downloads\Assignment-9 2\Assignment-9\Assignment-9\Debug\link.28456-cvtres.write.1.tlog
C:\Users\Pravin\Downloads\Assignment-9 2\Assignment-9\Assignment-9\Debug\link.28944.read.1.tlog
C:\Users\Pravin\Downloads\Assignment-9 2\Assignment-9\Assignment-9\Debug\link.28944.write.1.tlog
C:\Users\Pravin\Downloads\Assignment-9 2\Assignment-9\Assignment-9\Debug\link.28944-cvtres.read.1.tlog
C:\Users\Pravin\Downloads\Assignment-9 2\Assignment-9\Assignment-9\Debug\link.28944-cvtres.write.1.tlog
C:\Users\Pravin\Downloads\Assignment-9 2\Assignment-9\Assignment-9\Debug\link.29140.read.1.tlog
C:\Users\Pravin\Downloads\Assignment-9 2\Assignment-9\Assignment-9\Debug\link.29140.write.1.tlog
C:\Users\Pravin\Downloads\Assignment-9 2\Assignment-9\Assignment-9\Debug\link.29140-cvtres.read.1.tlog
C:\Users\Pravin\Downloads\Assignment-9 2\Assignment-9\Assignment-9\Debug\link.29140-cvtres.write.1.tlog
C:\Users\Pravin\Downloads\Assignment-9 2\Assignment-9\Assignment-9\Debug\link.4972.read.1.tlog
C:\Users\Pravin\Downloads\Assignment-9 2\Assignment-9\Assignment-9\Debug\link.4972.write.1.tlog
C:\Users\Pravin\Downloads\Assignment-9 2\Assignment-9\Assignment-9\Debug\link.4972-cvtres.read.1.tlog
C:\Users\Pravin\Downloads\Assignment-9 2\Assignment-9\Assignment-9\Debug\link.4972-cvtres.write.1.tlog
C:\Users\Pravin\Downloads\Assignment-9 2\Assignment-9\Assignment-9\Debug\link.8092.read.1.tlog
C:\Users\Pravin\Downloads\Assignment-9 2\Assignment-9\Assignment-9\Debug\link.8092.write.1.tlog
C:\Users\Pravin\Downloads\Assignment-9 2\Assignment-9\Assignment-9\Debug\link.8092-cvtres.read.1.tlog
C:\Users\Pravin\Downloads\Assignment-9 2\Assignment-9\Assignment-9\Debug\link.8092-cvtres.write.1.tlog
C:\Users\Pravin\Downloads\Assignment-9 2\Assignment-9\Assignment-9\Debug\link.command.1.tlog
C:\Users\Pravin\Downloads\Assignment-9 2\Assignment-9\Assignment-9\Debug\link.read.1.tlog
C:\Users\Pravin\Downloads\Assignment-9 2\Assignment-9\Assignment-9\Debug\link.write.1.tlog
C:\Users\Pravin\Downloads\Assignment-9 2\Assignment-9\Assignment-9\Debug\link-cvtres.read.1.tlog
C:\Users\Pravin\Downloads\Assignment-9 2\Assignment-9\Assignment-9\Debug\link-cvtres.write.1.tlog
C:\USERS\PRAVIN\DOWNLOADS\ASSIGNMENT-9 2\ASSIGNMENT-9\ASSIGNMENT-9\DEBUG\MAIN.OBJ
C:\Users\Pravin\Downloads\Assignment-9 2\Assignment-9\Assignment-9\Debug\mt.command.1.tlog
C:\Users\Pravin\Downloads\Assignment-9 2\Assignment-9\Assignment-9\Debug\mt.read.1.tlog
C:\Users\Pravin\Downloads\Assignment-9 2\Assignment-9\Assignment-9\Debug\mt.write.1.tlog
C:\USERS\PRAVIN\DOWNLOADS\ASSIGNMENT-9 2\ASSIGNMENT-9\ASSIGNMENT-9\DEBUG\ORDER.OBJ
C:\USERS\PRAVIN\DOWNLOADS\ASSIGNMENT-9 2\ASSIGNMENT-9\ASSIGNMENT-9\DEBUG\PRODUCT.OBJ
C:\USERS\PRAVIN\DOWNLOADS\ASSIGNMENT-9 2\ASSIGNMENT-9\ASSIGNMENT-9\DEBUG\PRODUCTPRESENTER.OBJ
C:\Users\Pravin\Downloads\Assignment-9 2\Assignment-9\Assignment-9\Debug\rc.command.1.tlog
C:\Users\Pravin\Downloads\Assignment-9 2\Assignment-9\Assignment-9\Debug\rc.read.1.tlog
C:\Users\Pravin\Downloads\Assignment-9 2\Assignment-9\Assignment-9\Debug\rc.write.1.tlog
C:\USERS\PRAVIN\DOWNLOADS\ASSIGNMENT-9 2\ASSIGNMENT-9\ASSIGNMENT-9\DEBUG\SELL.OBJ
C:\USERS\PRAVIN\DOWNLOADS\ASSIGNMENT-9 2\ASSIGNMENT-9\ASSIGNMENT-9\DEBUG\SPECIALPRODUCT.OBJ
C:\USERS\PRAVIN\DOWNLOADS\ASSIGNMENT-9 2\ASSIGNMENT-9\ASSIGNMENT-9\DEBUG\STDAFX.OBJ
C:\USERS\PRAVIN\DOWNLOADS\ASSIGNMENT-9 2\ASSIGNMENT-9\ASSIGNMENT-9\DEBUG\STOREMANAGER.OBJ
C:\USERS\PRAVIN\DOWNLOADS\ASSIGNMENT-9 2\ASSIGNMENT-9\ASSIGNMENT-9\DEBUG\UTIL.OBJ
C:\USERS\PRAVIN\DOWNLOADS\ASSIGNMENT-9 2\ASSIGNMENT-9\ASSIGNMENT-9\DEBUG\VALIDATIONS.OBJ
C:\Users\Pravin\Downloads\Assignment-9 2\Assignment-9\Assignment-9\Debug\vc100.idb
C:\USERS\PRAVIN\DOWNLOADS\ASSIGNMENT-9 2\ASSIGNMENT-9\ASSIGNMENT-9\DEBUG\VC100.PDB
C:\USERS\PRAVIN\DOWNLOADS\ASSIGNMENT-9 2\ASSIGNMENT-9\DEBUG\ASSIGNMENT-9.EXE
C:\USERS\PRAVIN\DOWNLOADS\ASSIGNMENT-9 2\ASSIGNMENT-9\DEBUG\ASSIGNMENT-9.ILK
C:\USERS\PRAVIN\DOWNLOADS\ASSIGNMENT-9 2\ASSIGNMENT-9\DEBUG\ASSIGNMENT-9.PDB
E:\PRE-SCIENT TECHNOLOGIES\ASSIGNMENTS\ASSIGNMENT-9\ASSIGNMENT-9\DEBUG\ASSIGNMENT-9.EXE.EMBED.MANIFEST
E:\PRE-SCIENT TECHNOLOGIES\ASSIGNMENTS\ASSIGNMENT-9\ASSIGNMENT-9\DEBUG\ASSIGNMENT-9.EXE.EMBED.MANIFEST.RES
E:\PRE-SCIENT TECHNOLOGIES\ASSIGNMENTS\ASSIGNMENT-9\ASSIGNMENT-9\DEBUG\ASSIGNMENT-9.EXE.INTERMEDIATE.MANIFEST
E:\PRE-SCIENT TECHNOLOGIES\ASSIGNMENTS\ASSIGNMENT-9\ASSIGNMENT-9\DEBUG\ASSIGNMENT-9.OBJ
E:\PRE-SCIENT TECHNOLOGIES\ASSIGNMENTS\ASSIGNMENT-9\ASSIGNMENT-9\DEBUG\ASSIGNMENT-9.PCH
E:\PRE-SCIENT TECHNOLOGIES\ASSIGNMENTS\ASSIGNMENT-9\ASSIGNMENT-9\DEBUG\BULKPRODUCT.OBJ
E:\PRE-SCIENT TECHNOLOGIES\ASSIGNMENTS\ASSIGNMENT-9\ASSIGNMENT-9\DEBUG\FILEHANDLING.OBJ
E:\PRE-SCIENT TECHNOLOGIES\ASSIGNMENTS\ASSIGNMENT-9\ASSIGNMENT-9\DEBUG\IDGENERATOR.OBJ
E:\PRE-SCIENT TECHNOLOGIES\ASSIGNMENTS\ASSIGNMENT-9\ASSIGNMENT-9\DEBUG\INTERFACE.OBJ
E:\PRE-SCIENT TECHNOLOGIES\ASSIGNMENTS\ASSIGNMENT-9\ASSIGNMENT-9\DEBUG\MAIN.OBJ
E:\PRE-SCIENT TECHNOLOGIES\ASSIGNMENTS\ASSIGNMENT-9\ASSIGNMENT-9\DEBUG\ORDER.OBJ
E:\PRE-SCIENT TECHNOLOGIES\ASSIGNMENTS\ASSIGNMENT-9\ASSIGNMENT-9\DEBUG\PRODUCT.OBJ
E:\PRE-SCIENT TECHNOLOGIES\ASSIGNMENTS\ASSIGNMENT-9\ASSIGNMENT-9\DEBUG\PRODUCTPRESENTER.OBJ
E:\PRE-SCIENT TECHNOLOGIES\ASSIGNMENTS\ASSIGNMENT-9\ASSIGNMENT-9\DEBUG\SELL.OBJ
E:\PRE-SCIENT TECHNOLOGIES\ASSIGNMENTS\ASSIGNMENT-9\ASSIGNMENT-9\DEBUG\SPECIALPRODUCT.OBJ
E:\PRE-SCIENT TECHNOLOGIES\ASSIGNMENTS\ASSIGNMENT-9\ASSIGNMENT-9\DEBUG\STDAFX.OBJ
E:\PRE-SCIENT TECHNOLOGIES\ASSIGNMENTS\ASSIGNMENT-9\ASSIGNMENT-9\DEBUG\STOREMANAGER.OBJ
E:\PRE-SCIENT TECHNOLOGIES\ASSIGNMENTS\ASSIGNMENT-9\ASSIGNMENT-9\DEBUG\UTIL.OBJ
E:\PRE-SCIENT TECHNOLOGIES\ASSIGNMENTS\ASSIGNMENT-9\ASSIGNMENT-9\DEBUG\VALIDATIONS.OBJ
E:\PRE-SCIENT TECHNOLOGIES\ASSIGNMENTS\ASSIGNMENT-9\ASSIGNMENT-9\DEBUG\VC100.PDB
E:\PRE-SCIENT TECHNOLOGIES\ASSIGNMENTS\ASSIGNMENT-9\DEBUG\ASSIGNMENT-9.EXE
E:\PRE-SCIENT TECHNOLOGIES\ASSIGNMENTS\ASSIGNMENT-9\DEBUG\ASSIGNMENT-9.ILK
E:\PRE-SCIENT TECHNOLOGIES\ASSIGNMENTS\ASSIGNMENT-9\DEBUG\ASSIGNMENT-9.PDB
